[  0%] Built target actionlib_generate_messages_py
[  0%] Built target actionlib_generate_messages_nodejs
[  0%] Built target rosgraph_msgs_generate_messages_eus
[  0%] Built target rosgraph_msgs_generate_messages_cpp
[  0%] Built target actionlib_msgs_generate_messages_nodejs
[  0%] Built target roscpp_generate_messages_nodejs
[  0%] Built target std_msgs_generate_messages_eus
[  0%] Built target roscpp_generate_messages_cpp
[  0%] Built target roscpp_generate_messages_py
[  0%] Built target rosgraph_msgs_generate_messages_py
[  0%] Built target roscpp_generate_messages_eus
[  0%] Built target rosgraph_msgs_generate_messages_lisp
[  0%] Built target std_msgs_generate_messages_lisp
[  0%] Built target actionlib_msgs_generate_messages_eus
[  0%] Built target std_msgs_generate_messages_py
[  0%] Built target std_msgs_generate_messages_nodejs
[  0%] Built target rosgraph_msgs_generate_messages_nodejs
[  0%] Built target actionlib_msgs_generate_messages_cpp
[  0%] Built target actionlib_generate_messages_cpp
[  0%] Built target actionlib_generate_messages_eus
[  0%] Built target actionlib_generate_messages_lisp
[  0%] Built target roscpp_generate_messages_lisp
[  0%] Built target actionlib_msgs_generate_messages_lisp
[  0%] Built target actionlib_msgs_generate_messages_py
[  0%] Built target std_msgs_generate_messages_cpp
[  0%] Built target _actions_quiz_generate_messages_check_deps_CustomActionMsgResult
[  0%] Built target _actions_quiz_generate_messages_check_deps_CustomActionMsgActionResult
[35m[1mScanning dependencies of target Newactionserver[0m
[  2%] [32mBuilding CXX object CMakeFiles/Newactionserver.dir/src/Newactionserver.cpp.o[0m
[  2%] Built target _actions_quiz_generate_messages_check_deps_CustomActionMsgGoal
[  2%] Built target _actions_quiz_generate_messages_check_deps_CustomActionMsgFeedback
[  2%] Built target _actions_quiz_generate_messages_check_deps_CustomActionMsgActionGoal
[  2%] Built target _actions_quiz_generate_messages_check_deps_CustomActionMsgAction
[  2%] Built target _actions_quiz_generate_messages_check_deps_CustomActionMsgActionFeedback
[ 20%] Built target actions_quiz_generate_messages_nodejs
[ 48%] Built target actions_quiz_generate_messages_eus
[ 61%] Built target actions_quiz_generate_messages_py
[ 97%] Built target actions_quiz_generate_messages_lisp
[ 97%] Built target actions_quiz_generate_messages_cpp
[ 97%] Built target actions_quiz_generate_messages
[100%] [32m[1mLinking CXX executable /home/user/catkin_ws/devel/.private/actions_quiz/lib/actions_quiz/Newactionserver[0m
[100%] Built target Newactionserver
