[35m[1mScanning dependencies of target actionlib_generate_messages_py[0m
[35m[1mScanning dependencies of target actionlib_generate_messages_nodejs[0m
[35m[1mScanning dependencies of target rosgraph_msgs_generate_messages_cpp[0m
[35m[1mScanning dependencies of target rosgraph_msgs_generate_messages_eus[0m
[35m[1mScanning dependencies of target roscpp_generate_messages_py[0m
[35m[1mScanning dependencies of target actionlib_msgs_generate_messages_nodejs[0m
[35m[1mScanning dependencies of target std_msgs_generate_messages_eus[0m
[35m[1mScanning dependencies of target roscpp_generate_messages_nodejs[0m
[35m[1mScanning dependencies of target std_msgs_generate_messages_lisp[0m
[35m[1mScanning dependencies of target roscpp_generate_messages_cpp[0m
[35m[1mScanning dependencies of target actionlib_generate_messages_lisp[0m
[35m[1mScanning dependencies of target rosgraph_msgs_generate_messages_lisp[0m
[35m[1mScanning dependencies of target roscpp_generate_messages_eus[0m
[35m[1mScanning dependencies of target actionlib_msgs_generate_messages_eus[0m
[35m[1mScanning dependencies of target roscpp_generate_messages_lisp[0m
[35m[1mScanning dependencies of target rosgraph_msgs_generate_messages_py[0m
[  0%] Built target actionlib_generate_messages_py
[  0%] Built target actionlib_msgs_generate_messages_nodejs
[  0%] Built target roscpp_generate_messages_nodejs
[  0%] Built target actionlib_generate_messages_nodejs
[  0%] Built target rosgraph_msgs_generate_messages_cpp
[  0%] Built target rosgraph_msgs_generate_messages_eus
[  0%] Built target roscpp_generate_messages_cpp
[  0%] Built target std_msgs_generate_messages_eus
[  0%] Built target roscpp_generate_messages_eus
[  0%] Built target roscpp_generate_messages_py
[  0%] Built target rosgraph_msgs_generate_messages_lisp
[  0%] Built target roscpp_generate_messages_lisp
[  0%] Built target actionlib_generate_messages_lisp
[  0%] Built target rosgraph_msgs_generate_messages_py
[  0%] Built target actionlib_msgs_generate_messages_eus
[35m[1mScanning dependencies of target std_msgs_generate_messages_cpp[0m
[35m[1mScanning dependencies of target std_msgs_generate_messages_nodejs[0m
[35m[1mScanning dependencies of target std_msgs_generate_messages_py[0m
[35m[1mScanning dependencies of target rosgraph_msgs_generate_messages_nodejs[0m
[  0%] Built target std_msgs_generate_messages_lisp
[35m[1mScanning dependencies of target actionlib_generate_messages_cpp[0m
[35m[1mScanning dependencies of target actionlib_generate_messages_eus[0m
[35m[1mScanning dependencies of target _actions_quiz_generate_messages_check_deps_CustomActionMsgResult[0m
[35m[1mScanning dependencies of target actionlib_msgs_generate_messages_cpp[0m
[35m[1mScanning dependencies of target actionlib_msgs_generate_messages_py[0m
[35m[1mScanning dependencies of target _actions_quiz_generate_messages_check_deps_CustomActionMsgActionResult[0m
[  0%] Built target std_msgs_generate_messages_py
[  0%] Built target std_msgs_generate_messages_cpp
[35m[1mScanning dependencies of target actionlib_msgs_generate_messages_lisp[0m
[  0%] Built target std_msgs_generate_messages_nodejs
[  0%] Built target rosgraph_msgs_generate_messages_nodejs
[  0%] Built target actionlib_generate_messages_cpp
[  0%] Built target actionlib_msgs_generate_messages_cpp
[  0%] Built target actionlib_msgs_generate_messages_py
[  0%] Built target actionlib_msgs_generate_messages_lisp
[  0%] Built target actionlib_generate_messages_eus
[35m[1mScanning dependencies of target _actions_quiz_generate_messages_check_deps_CustomActionMsgActionGoal[0m
[35m[1mScanning dependencies of target _actions_quiz_generate_messages_check_deps_CustomActionMsgGoal[0m
[35m[1mScanning dependencies of target _actions_quiz_generate_messages_check_deps_CustomActionMsgAction[0m
[35m[1mScanning dependencies of target _actions_quiz_generate_messages_check_deps_CustomActionMsgFeedback[0m
[35m[1mScanning dependencies of target _actions_quiz_generate_messages_check_deps_CustomActionMsgActionFeedback[0m
[35m[1mScanning dependencies of target Newactionserver[0m
[  0%] Built target _actions_quiz_generate_messages_check_deps_CustomActionMsgActionResult
[  0%] Built target _actions_quiz_generate_messages_check_deps_CustomActionMsgResult
[  0%] Built target _actions_quiz_generate_messages_check_deps_CustomActionMsgActionGoal
[  0%] Built target _actions_quiz_generate_messages_check_deps_CustomActionMsgAction
[  0%] Built target _actions_quiz_generate_messages_check_deps_CustomActionMsgActionFeedback
[  0%] Built target _actions_quiz_generate_messages_check_deps_CustomActionMsgGoal
[  0%] Built target _actions_quiz_generate_messages_check_deps_CustomActionMsgFeedback
[35m[1mScanning dependencies of target actions_quiz_generate_messages_eus[0m
[35m[1mScanning dependencies of target actions_quiz_generate_messages_py[0m
[35m[1mScanning dependencies of target actions_quiz_generate_messages_nodejs[0m
[35m[1mScanning dependencies of target actions_quiz_generate_messages_cpp[0m
[35m[1mScanning dependencies of target actions_quiz_generate_messages_lisp[0m
[  2%] [34m[1mGenerating EusLisp code from actions_quiz/CustomActionMsgActionGoal.msg[0m
[  5%] [34m[1mGenerating EusLisp code from actions_quiz/CustomActionMsgGoal.msg[0m
[  7%] [34m[1mGenerating EusLisp code from actions_quiz/CustomActionMsgActionFeedback.msg[0m
[ 10%] [34m[1mGenerating C++ code from actions_quiz/CustomActionMsgAction.msg[0m
[ 15%] [34m[1mGenerating Javascript code from actions_quiz/CustomActionMsgAction.msg[0m
[ 15%] [34m[1mGenerating Python from MSG actions_quiz/CustomActionMsgActionGoal[0m
[ 17%] [34m[1mGenerating EusLisp code from actions_quiz/CustomActionMsgAction.msg[0m
[ 20%] [34m[1mGenerating EusLisp code from actions_quiz/CustomActionMsgActionResult.msg[0m
[ 23%] [34m[1mGenerating Lisp code from actions_quiz/CustomActionMsgAction.msg[0m
[ 25%] [34m[1mGenerating Javascript code from actions_quiz/CustomActionMsgActionResult.msg[0m
[ 30%] [34m[1mGenerating EusLisp code from actions_quiz/CustomActionMsgFeedback.msg[0m
[ 33%] [34m[1mGenerating Javascript code from actions_quiz/CustomActionMsgActionGoal.msg[0m
[ 35%] [34m[1mGenerating C++ code from actions_quiz/CustomActionMsgActionGoal.msg[0m
[ 35%] [34m[1mGenerating Python from MSG actions_quiz/CustomActionMsgAction[0m
[ 38%] [34m[1mGenerating EusLisp code from actions_quiz/CustomActionMsgResult.msg[0m
[ 41%] [32mBuilding CXX object CMakeFiles/Newactionserver.dir/src/Newactionserver.cpp.o[0m
[ 43%] [34m[1mGenerating Javascript code from actions_quiz/CustomActionMsgActionFeedback.msg[0m
[ 46%] [34m[1mGenerating EusLisp manifest code for actions_quiz[0m
[ 48%] [34m[1mGenerating Python from MSG actions_quiz/CustomActionMsgActionResult[0m
[ 51%] [34m[1mGenerating Javascript code from actions_quiz/CustomActionMsgGoal.msg[0m
[ 53%] [34m[1mGenerating Javascript code from actions_quiz/CustomActionMsgResult.msg[0m
[ 56%] [34m[1mGenerating C++ code from actions_quiz/CustomActionMsgActionResult.msg[0m
[ 58%] [34m[1mGenerating Lisp code from actions_quiz/CustomActionMsgActionGoal.msg[0m
[ 61%] [34m[1mGenerating Javascript code from actions_quiz/CustomActionMsgFeedback.msg[0m
[ 64%] [34m[1mGenerating Python from MSG actions_quiz/CustomActionMsgActionFeedback[0m
[ 66%] [34m[1mGenerating Lisp code from actions_quiz/CustomActionMsgActionResult.msg[0m
[ 69%] [34m[1mGenerating Lisp code from actions_quiz/CustomActionMsgActionFeedback.msg[0m
[ 71%] [34m[1mGenerating Python from MSG actions_quiz/CustomActionMsgGoal[0m
[ 74%] [34m[1mGenerating Lisp code from actions_quiz/CustomActionMsgGoal.msg[0m
[ 76%] [34m[1mGenerating Python from MSG actions_quiz/CustomActionMsgFeedback[0m
[ 79%] [34m[1mGenerating Lisp code from actions_quiz/CustomActionMsgResult.msg[0m
[ 82%] [34m[1mGenerating Python from MSG actions_quiz/CustomActionMsgResult[0m
[ 84%] [34m[1mGenerating C++ code from actions_quiz/CustomActionMsgActionFeedback.msg[0m
[ 87%] [34m[1mGenerating Lisp code from actions_quiz/CustomActionMsgFeedback.msg[0m
[ 89%] [34m[1mGenerating C++ code from actions_quiz/CustomActionMsgGoal.msg[0m
[ 89%] Built target actions_quiz_generate_messages_nodejs
[ 92%] [34m[1mGenerating C++ code from actions_quiz/CustomActionMsgFeedback.msg[0m
[ 94%] [34m[1mGenerating C++ code from actions_quiz/CustomActionMsgResult.msg[0m
[ 94%] Built target actions_quiz_generate_messages_lisp
[ 97%] [34m[1mGenerating Python msg __init__.py for actions_quiz[0m
[ 97%] Built target actions_quiz_generate_messages_cpp
[ 97%] Built target actions_quiz_generate_messages_py
[ 97%] Built target actions_quiz_generate_messages_eus
[35m[1mScanning dependencies of target actions_quiz_generate_messages[0m
[ 97%] Built target actions_quiz_generate_messages
[01m[K/home/user/catkin_ws/src/actions_quiz/src/Newactionserver.cpp:[m[K In member function '[01m[Kvoid TakeoffLand::executeCB(const CustomActionMsgGoalConstPtr&)[m[K':
[01m[K/home/user/catkin_ws/src/actions_quiz/src/Newactionserver.cpp:58:7:[m[K [01;31m[Kerror: [m[Kbreak statement not within loop or switch
   58 |       [01;31m[Kbreak[m[K;
      |       [01;31m[K^~~~~[m[K
[01m[K/home/user/catkin_ws/src/actions_quiz/src/Newactionserver.cpp:[m[K In member function '[01m[Kvoid TakeoffLand::takeoff_drone()[m[K':
[01m[K/home/user/catkin_ws/src/actions_quiz/src/Newactionserver.cpp:76:28:[m[K [01;31m[Kerror: [m[K'[01m[Kgoal[m[K' was not declared in this scope
   76 |       feedback_.feedback = [01;31m[Kgoal[m[K->goal;
      |                            [01;31m[K^~~~[m[K
[01m[K/home/user/catkin_ws/src/actions_quiz/src/Newactionserver.cpp:[m[K In member function '[01m[Kvoid TakeoffLand::land_drone()[m[K':
[01m[K/home/user/catkin_ws/src/actions_quiz/src/Newactionserver.cpp:89:28:[m[K [01;31m[Kerror: [m[K'[01m[Kgoal[m[K' was not declared in this scope
   89 |       feedback_.feedback = [01;31m[Kgoal[m[K->goal;
      |                            [01;31m[K^~~~[m[K
make[2]: *** [CMakeFiles/Newactionserver.dir/build.make:63: CMakeFiles/Newactionserver.dir/src/Newactionserver.cpp.o] Error 1
make[1]: *** [CMakeFiles/Makefile2:208: CMakeFiles/Newactionserver.dir/all] Error 2
make: *** [Makefile:141: all] Error 2
