[  0%] Built target rosgraph_msgs_generate_messages_cpp
[  0%] Built target std_msgs_generate_messages_nodejs
[  0%] Built target std_msgs_generate_messages_eus
[  0%] Built target roscpp_generate_messages_nodejs
[  0%] Built target rosgraph_msgs_generate_messages_eus
[  0%] Built target std_msgs_generate_messages_py
[  0%] Built target roscpp_generate_messages_cpp
[  0%] Built target rosgraph_msgs_generate_messages_py
[  0%] Built target rosgraph_msgs_generate_messages_lisp
[  0%] Built target roscpp_generate_messages_eus
[  0%] Built target roscpp_generate_messages_py
[  0%] Built target _my_custom_srv_msg_pkg_generate_messages_check_deps_MyCustomServiceMessage
[  0%] Built target roscpp_generate_messages_lisp
[  0%] Built target std_msgs_generate_messages_lisp
[  0%] Built target rosgraph_msgs_generate_messages_nodejs
[  0%] Built target std_msgs_generate_messages_cpp
[ 11%] Built target my_custom_srv_msg_pkg_generate_messages_nodejs
[ 22%] Built target my_custom_srv_msg_pkg_generate_messages_lisp
[ 33%] Built target my_custom_srv_msg_pkg_generate_messages_cpp
[ 77%] Built target my_custom_srv_msg_pkg_generate_messages_py
[ 77%] Built target my_custom_srv_msg_pkg_generate_messages_eus
[35m[1mScanning dependencies of target service_server[0m
[ 77%] Built target my_custom_srv_msg_pkg_generate_messages
[ 88%] [32mBuilding CXX object CMakeFiles/service_server.dir/src/service_server.cpp.o[0m
[100%] [32m[1mLinking CXX executable /home/user/catkin_ws/devel/.private/my_custom_srv_msg_pkg/lib/my_custom_srv_msg_pkg/service_server[0m
[100%] Built target service_server
