[  0%] Built target rosgraph_msgs_generate_messages_eus
[  0%] Built target std_msgs_generate_messages_py
[  0%] Built target roscpp_generate_messages_nodejs
[  0%] Built target std_msgs_generate_messages_eus
[  0%] Built target std_msgs_generate_messages_nodejs
[  0%] Built target rosgraph_msgs_generate_messages_cpp
[  0%] Built target roscpp_generate_messages_eus
[  0%] Built target roscpp_generate_messages_cpp
[  0%] Built target roscpp_generate_messages_py
[  0%] Built target rosgraph_msgs_generate_messages_py
[  0%] Built target _my_custom_srv_msg_pkg_generate_messages_check_deps_MyCustomServiceMessage
[  0%] Built target rosgraph_msgs_generate_messages_lisp
[  0%] Built target std_msgs_generate_messages_lisp
[  0%] Built target rosgraph_msgs_generate_messages_nodejs
[  0%] Built target roscpp_generate_messages_lisp
[  0%] Built target std_msgs_generate_messages_cpp
[ 11%] [34m[1mGenerating Javascript code from my_custom_srv_msg_pkg/MyCustomServiceMessage.srv[0m
[ 22%] [34m[1mGenerating Python code from SRV my_custom_srv_msg_pkg/MyCustomServiceMessage[0m
[ 33%] [34m[1mGenerating EusLisp code from my_custom_srv_msg_pkg/MyCustomServiceMessage.srv[0m
[ 44%] [34m[1mGenerating Lisp code from my_custom_srv_msg_pkg/MyCustomServiceMessage.srv[0m
[ 55%] [34m[1mGenerating C++ code from my_custom_srv_msg_pkg/MyCustomServiceMessage.srv[0m
[ 66%] [34m[1mGenerating Python srv __init__.py for my_custom_srv_msg_pkg[0m
[ 66%] Built target my_custom_srv_msg_pkg_generate_messages_nodejs
[ 66%] Built target my_custom_srv_msg_pkg_generate_messages_lisp
[ 77%] Built target my_custom_srv_msg_pkg_generate_messages_eus
[ 77%] Built target my_custom_srv_msg_pkg_generate_messages_py
[ 77%] Built target my_custom_srv_msg_pkg_generate_messages_cpp
[35m[1mScanning dependencies of target custom_service_server[0m
[ 77%] Built target my_custom_srv_msg_pkg_generate_messages
[ 88%] [32mBuilding CXX object CMakeFiles/custom_service_server.dir/src/custom_service_server.cpp.o[0m
[100%] [32m[1mLinking CXX executable /home/user/catkin_ws/devel/.private/my_custom_srv_msg_pkg/lib/my_custom_srv_msg_pkg/custom_service_server[0m
/usr/bin/ld: /usr/lib/gcc/x86_64-linux-gnu/9/../../../x86_64-linux-gnu/Scrt1.o: in function `_start':
(.text+0x24): undefined reference to `main'
collect2: error: ld returned 1 exit status
make[2]: *** [CMakeFiles/custom_service_server.dir/build.make:101: /home/user/catkin_ws/devel/.private/my_custom_srv_msg_pkg/lib/my_custom_srv_msg_pkg/custom_service_server] Error 1
make[1]: *** [CMakeFiles/Makefile2:187: CMakeFiles/custom_service_server.dir/all] Error 2
make: *** [Makefile:141: all] Error 2
