[  0%] Built target std_msgs_generate_messages_eus
[  0%] Built target std_msgs_generate_messages_nodejs
[  0%] Built target rosgraph_msgs_generate_messages_eus
[  0%] Built target std_msgs_generate_messages_py
[  0%] Built target roscpp_generate_messages_nodejs
[  0%] Built target rosgraph_msgs_generate_messages_cpp
[  0%] Built target roscpp_generate_messages_eus
[  0%] Built target roscpp_generate_messages_py
[  0%] Built target rosgraph_msgs_generate_messages_py
[  0%] Built target roscpp_generate_messages_cpp
[  0%] Built target roscpp_generate_messages_lisp
[  0%] Built target std_msgs_generate_messages_cpp
[  0%] Built target rosgraph_msgs_generate_messages_lisp
[  0%] Built target _my_custom_srv_msg_pkg_generate_messages_check_deps_MyCustomServiceMessage
[  0%] Built target std_msgs_generate_messages_lisp
[  0%] Built target rosgraph_msgs_generate_messages_nodejs
[ 11%] [34m[1mGenerating Javascript code from my_custom_srv_msg_pkg/MyCustomServiceMessage.srv[0m
[ 22%] [34m[1mGenerating Python code from SRV my_custom_srv_msg_pkg/MyCustomServiceMessage[0m
[ 33%] [34m[1mGenerating EusLisp code from my_custom_srv_msg_pkg/MyCustomServiceMessage.srv[0m
[ 44%] [34m[1mGenerating C++ code from my_custom_srv_msg_pkg/MyCustomServiceMessage.srv[0m
[ 55%] [34m[1mGenerating Lisp code from my_custom_srv_msg_pkg/MyCustomServiceMessage.srv[0m
[ 55%] Built target my_custom_srv_msg_pkg_generate_messages_nodejs
[ 55%] Built target my_custom_srv_msg_pkg_generate_messages_lisp
[ 66%] [34m[1mGenerating Python srv __init__.py for my_custom_srv_msg_pkg[0m
[ 77%] Built target my_custom_srv_msg_pkg_generate_messages_eus
[ 77%] Built target my_custom_srv_msg_pkg_generate_messages_py
[ 77%] Built target my_custom_srv_msg_pkg_generate_messages_cpp
[35m[1mScanning dependencies of target custom_service_server[0m
[ 77%] Built target my_custom_srv_msg_pkg_generate_messages
[ 88%] [32mBuilding CXX object CMakeFiles/custom_service_server.dir/src/custom_service_server.cpp.o[0m
In file included from [01m[K/opt/ros/noetic/include/ros/ros.h:40[m[K,
                 from [01m[K/home/user/catkin_ws/src/my_custom_srv_msg_pkg/src/custom_service_server.cpp:2[m[K:
[01m[K/home/user/catkin_ws/src/my_custom_srv_msg_pkg/src/custom_service_server.cpp:[m[K In function '[01m[Kbool my_callback(my_custom_srv_msg_pkg::MyCustomServiceMessage::Request&, my_custom_srv_msg_pkg::MyCustomServiceMessage::Response&)[m[K':
[01m[K/home/user/catkin_ws/src/my_custom_srv_msg_pkg/src/custom_service_server.cpp:6:12:[m[K [01;35m[Kwarning: [m[Kformat '[01m[K%f[m[K' expects argument of type '[01m[Kdouble[m[K', but argument 8 has type '[01m[Kmy_custom_srv_msg_pkg::MyCustomServiceMessageRequest_<std::allocator<void> >::_radius_type[m[K' {aka '[01m[Kint[m[K'} [[01;35m[K-Wformat=[m[K]
    6 |   ROS_INFO([01;35m[K"Request Data==> radius=%f, repetitions=%d"[m[K, [32m[Kreq.radius[m[K,
      |            [01;35m[K^~~~~~~~~~~~~~~~~~~~~~~~~~~~~~~~~~~~~~~~~~~[m[K  [32m[K~~~~~~~~~~[m[K
      |                                                             [32m[K|[m[K
      |                                                             [32m[Kmy_custom_srv_msg_pkg::MyCustomServiceMessageRequest_<std::allocator<void> >::_radius_type {aka int}[m[K
[01m[K/opt/ros/noetic/include/ros/console.h:351:165:[m[K [01;36m[Knote: [m[Kin definition of macro '[01m[KROSCONSOLE_PRINT_AT_LOCATION_WITH_FILTER[m[K'
  351 |     ::ros::console::print(filter, __rosconsole_define_location__loc.logger_, __rosconsole_define_location__loc.level_, __FILE__, __LINE__, __ROSCONSOLE_FUNCTION__, [01;36m[K__VA_ARGS__[m[K)
      |                                                                                                                                                                     [01;36m[K^~~~~~~~~~~[m[K
[01m[K/opt/ros/noetic/include/ros/console.h:390:7:[m[K [01;36m[Knote: [m[Kin expansion of macro '[01m[KROSCONSOLE_PRINT_AT_LOCATION[m[K'
  390 |       [01;36m[KROSCONSOLE_PRINT_AT_LOCATION[m[K(__VA_ARGS__); \
      |       [01;36m[K^~~~~~~~~~~~~~~~~~~~~~~~~~~~[m[K
[01m[K/opt/ros/noetic/include/ros/console.h:575:35:[m[K [01;36m[Knote: [m[Kin expansion of macro '[01m[KROS_LOG_COND[m[K'
  575 | #define ROS_LOG(level, name, ...) [01;36m[KROS_LOG_COND[m[K(true, level, name, __VA_ARGS__)
      |                                   [01;36m[K^~~~~~~~~~~~[m[K
[01m[K/opt/ros/noetic/include/rosconsole/macros_generated.h:110:23:[m[K [01;36m[Knote: [m[Kin expansion of macro '[01m[KROS_LOG[m[K'
  110 | #define ROS_INFO(...) [01;36m[KROS_LOG[m[K(::ros::console::levels::Info, ROSCONSOLE_DEFAULT_NAME, __VA_ARGS__)
      |                       [01;36m[K^~~~~~~[m[K
[01m[K/home/user/catkin_ws/src/my_custom_srv_msg_pkg/src/custom_service_server.cpp:6:3:[m[K [01;36m[Knote: [m[Kin expansion of macro '[01m[KROS_INFO[m[K'
    6 |   [01;36m[KROS_INFO[m[K("Request Data==> radius=%f, repetitions=%d", req.radius,
      |   [01;36m[K^~~~~~~~[m[K
[01m[K/home/user/catkin_ws/src/my_custom_srv_msg_pkg/src/custom_service_server.cpp:6:37:[m[K [01;36m[Knote: [m[Kformat string is defined here
    6 |   ROS_INFO("Request Data==> radius=[01;36m[K%f[m[K, repetitions=%d", req.radius,
      |                                    [01;36m[K~^[m[K
      |                                     [01;36m[K|[m[K
      |                                     [01;36m[Kdouble[m[K
      |                                    [32m[K%d[m[K
[100%] [32m[1mLinking CXX executable /home/user/catkin_ws/devel/.private/my_custom_srv_msg_pkg/lib/my_custom_srv_msg_pkg/custom_service_server[0m
[100%] Built target custom_service_server
