[  0%] Built target std_msgs_generate_messages_eus
[  0%] Built target std_msgs_generate_messages_py
[  0%] Built target rosgraph_msgs_generate_messages_cpp
[  0%] Built target rosgraph_msgs_generate_messages_eus
[  0%] Built target std_msgs_generate_messages_nodejs
[  0%] Built target roscpp_generate_messages_eus
[  0%] Built target roscpp_generate_messages_py
[  0%] Built target roscpp_generate_messages_nodejs
[  0%] Built target roscpp_generate_messages_lisp
[  0%] Built target rosgraph_msgs_generate_messages_py
[  0%] Built target roscpp_generate_messages_cpp
[  0%] Built target rosgraph_msgs_generate_messages_lisp
[  0%] Built target std_msgs_generate_messages_lisp
[  0%] Built target _my_custom_srv_msg_pkg_generate_messages_check_deps_MyCustomServiceMessage
[  0%] Built target rosgraph_msgs_generate_messages_nodejs
[  0%] Built target std_msgs_generate_messages_cpp
[ 22%] Built target my_custom_srv_msg_pkg_generate_messages_py
[ 55%] Built target my_custom_srv_msg_pkg_generate_messages_eus
[ 55%] Built target my_custom_srv_msg_pkg_generate_messages_cpp
[ 66%] Built target my_custom_srv_msg_pkg_generate_messages_lisp
[ 77%] Built target my_custom_srv_msg_pkg_generate_messages_nodejs
[ 77%] Built target my_custom_srv_msg_pkg_generate_messages
[100%] Built target service_server
