[01m[K/home/user/catkin_ws/src/topics_quiz/src/topics_quiz_node.cpp:8:59:[m[K [01;31m[Kerror: [m[Kdeclaration of '[01m[Kvar[m[K' as array of references
    8 | void odomCallback(const sensor_msgs::LaserScan::ConstPtr &[01;31m[Kvar[m[K[]) {
      |                                                           [01;31m[K^~~[m[K
[01m[K/home/user/catkin_ws/src/topics_quiz/src/topics_quiz_node.cpp:[m[K In function '[01m[Kvoid odomCallback(...)[m[K':
[01m[K/home/user/catkin_ws/src/topics_quiz/src/topics_quiz_node.cpp:10:15:[m[K [01;31m[Kerror: [m[K'[01m[Kvar[m[K' was not declared in this scope
   10 |   double st = [01;31m[Kvar[m[K->ranges[360];
      |               [01;31m[K^~~[m[K
[01m[K/home/user/catkin_ws/src/topics_quiz/src/topics_quiz_node.cpp:[m[K In function '[01m[Kint main(int, char**)[m[K':
[01m[K/home/user/catkin_ws/src/topics_quiz/src/topics_quiz_node.cpp:42:77:[m[K [01;31m[Kerror: [m[Kno matching function for call to '[01m[Kros::NodeHandle::subscribe(const char [18], int, void (&)(...))[m[K'
   42 |   ros::Subscriber sub = nh.subscribe("kobuki/laser/scan", 1000, odomCallback[01;31m[K)[m[K;
      |                                                                             [01;31m[K^[m[K
In file included from [01m[K/opt/ros/noetic/include/ros/ros.h:45[m[K,
                 from [01m[K/home/user/catkin_ws/src/topics_quiz/src/topics_quiz_node.cpp:2[m[K:
[01m[K/opt/ros/noetic/include/ros/node_handle.h:402:14:[m[K [01;36m[Knote: [m[Kcandidate: '[01m[Ktemplate<class M, class T> ros::Subscriber ros::NodeHandle::subscribe(const string&, uint32_t, void (T::*)(M), T*, const ros::TransportHints&)[m[K'
  402 |   Subscriber [01;36m[Ksubscribe[m[K(const std::string& topic, uint32_t queue_size, void(T::*fp)(M), T* obj,
      |              [01;36m[K^~~~~~~~~[m[K
[01m[K/opt/ros/noetic/include/ros/node_handle.h:402:14:[m[K [01;36m[Knote: [m[K  template argument deduction/substitution failed:
[01m[K/home/user/catkin_ws/src/topics_quiz/src/topics_quiz_node.cpp:42:77:[m[K [01;36m[Knote: [m[K  mismatched types '[01m[Kvoid (T::*)(M)[m[K' and '[01m[Kvoid (*)(...)[m[K'
   42 |   ros::Subscriber sub = nh.subscribe("kobuki/laser/scan", 1000, odomCallback[01;36m[K)[m[K;
      |                                                                             [01;36m[K^[m[K
In file included from [01m[K/opt/ros/noetic/include/ros/ros.h:45[m[K,
                 from [01m[K/home/user/catkin_ws/src/topics_quiz/src/topics_quiz_node.cpp:2[m[K:
[01m[K/opt/ros/noetic/include/ros/node_handle.h:413:14:[m[K [01;36m[Knote: [m[Kcandidate: '[01m[Ktemplate<class M, class T> ros::Subscriber ros::NodeHandle::subscribe(const string&, uint32_t, void (T::*)(M) const, T*, const ros::TransportHints&)[m[K'
  413 |   Subscriber [01;36m[Ksubscribe[m[K(const std::string& topic, uint32_t queue_size, void(T::*fp)(M) const, T* obj,
      |              [01;36m[K^~~~~~~~~[m[K
[01m[K/opt/ros/noetic/include/ros/node_handle.h:413:14:[m[K [01;36m[Knote: [m[K  template argument deduction/substitution failed:
[01m[K/home/user/catkin_ws/src/topics_quiz/src/topics_quiz_node.cpp:42:77:[m[K [01;36m[Knote: [m[K  mismatched types '[01m[Kvoid (T::*)(M) const[m[K' and '[01m[Kvoid (*)(...)[m[K'
   42 |   ros::Subscriber sub = nh.subscribe("kobuki/laser/scan", 1000, odomCallback[01;36m[K)[m[K;
      |                                                                             [01;36m[K^[m[K
In file included from [01m[K/opt/ros/noetic/include/ros/ros.h:45[m[K,
                 from [01m[K/home/user/catkin_ws/src/topics_quiz/src/topics_quiz_node.cpp:2[m[K:
[01m[K/opt/ros/noetic/include/ros/node_handle.h:465:14:[m[K [01;36m[Knote: [m[Kcandidate: '[01m[Ktemplate<class M, class T> ros::Subscriber ros::NodeHandle::subscribe(const string&, uint32_t, void (T::*)(const boost::shared_ptr<const M>&), T*, const ros::TransportHints&)[m[K'
  465 |   Subscriber [01;36m[Ksubscribe[m[K(const std::string& topic, uint32_t queue_size,
      |              [01;36m[K^~~~~~~~~[m[K
[01m[K/opt/ros/noetic/include/ros/node_handle.h:465:14:[m[K [01;36m[Knote: [m[K  template argument deduction/substitution failed:
[01m[K/home/user/catkin_ws/src/topics_quiz/src/topics_quiz_node.cpp:42:77:[m[K [01;36m[Knote: [m[K  mismatched types '[01m[Kvoid (T::*)(const boost::shared_ptr<const M>&)[m[K' and '[01m[Kvoid (*)(...)[m[K'
   42 |   ros::Subscriber sub = nh.subscribe("kobuki/laser/scan", 1000, odomCallback[01;36m[K)[m[K;
      |                                                                             [01;36m[K^[m[K
In file included from [01m[K/opt/ros/noetic/include/ros/ros.h:45[m[K,
                 from [01m[K/home/user/catkin_ws/src/topics_quiz/src/topics_quiz_node.cpp:2[m[K:
[01m[K/opt/ros/noetic/include/ros/node_handle.h:475:14:[m[K [01;36m[Knote: [m[Kcandidate: '[01m[Ktemplate<class M, class T> ros::Subscriber ros::NodeHandle::subscribe(const string&, uint32_t, void (T::*)(const boost::shared_ptr<const M>&) const, T*, const ros::TransportHints&)[m[K'
  475 |   Subscriber [01;36m[Ksubscribe[m[K(const std::string& topic, uint32_t queue_size,
      |              [01;36m[K^~~~~~~~~[m[K
[01m[K/opt/ros/noetic/include/ros/node_handle.h:475:14:[m[K [01;36m[Knote: [m[K  template argument deduction/substitution failed:
[01m[K/home/user/catkin_ws/src/topics_quiz/src/topics_quiz_node.cpp:42:77:[m[K [01;36m[Knote: [m[K  mismatched types '[01m[Kvoid (T::*)(const boost::shared_ptr<const M>&) const[m[K' and '[01m[Kvoid (*)(...)[m[K'
   42 |   ros::Subscriber sub = nh.subscribe("kobuki/laser/scan", 1000, odomCallback[01;36m[K)[m[K;
      |                                                                             [01;36m[K^[m[K
In file included from [01m[K/opt/ros/noetic/include/ros/ros.h:45[m[K,
                 from [01m[K/home/user/catkin_ws/src/topics_quiz/src/topics_quiz_node.cpp:2[m[K:
[01m[K/opt/ros/noetic/include/ros/node_handle.h:529:14:[m[K [01;36m[Knote: [m[Kcandidate: '[01m[Ktemplate<class M, class T> ros::Subscriber ros::NodeHandle::subscribe(const string&, uint32_t, void (T::*)(M), const boost::shared_ptr<U>&, const ros::TransportHints&)[m[K'
  529 |   Subscriber [01;36m[Ksubscribe[m[K(const std::string& topic, uint32_t queue_size, void(T::*fp)(M),
      |              [01;36m[K^~~~~~~~~[m[K
[01m[K/opt/ros/noetic/include/ros/node_handle.h:529:14:[m[K [01;36m[Knote: [m[K  template argument deduction/substitution failed:
[01m[K/home/user/catkin_ws/src/topics_quiz/src/topics_quiz_node.cpp:42:77:[m[K [01;36m[Knote: [m[K  mismatched types '[01m[Kvoid (T::*)(M)[m[K' and '[01m[Kvoid (*)(...)[m[K'
   42 |   ros::Subscriber sub = nh.subscribe("kobuki/laser/scan", 1000, odomCallback[01;36m[K)[m[K;
      |                                                                             [01;36m[K^[m[K
In file included from [01m[K/opt/ros/noetic/include/ros/ros.h:45[m[K,
                 from [01m[K/home/user/catkin_ws/src/topics_quiz/src/topics_quiz_node.cpp:2[m[K:
[01m[K/opt/ros/noetic/include/ros/node_handle.h:540:14:[m[K [01;36m[Knote: [m[Kcandidate: '[01m[Ktemplate<class M, class T> ros::Subscriber ros::NodeHandle::subscribe(const string&, uint32_t, void (T::*)(M) const, const boost::shared_ptr<U>&, const ros::TransportHints&)[m[K'
  540 |   Subscriber [01;36m[Ksubscribe[m[K(const std::string& topic, uint32_t queue_size, void(T::*fp)(M) const,
      |              [01;36m[K^~~~~~~~~[m[K
[01m[K/opt/ros/noetic/include/ros/node_handle.h:540:14:[m[K [01;36m[Knote: [m[K  template argument deduction/substitution failed:
[01m[K/home/user/catkin_ws/src/topics_quiz/src/topics_quiz_node.cpp:42:77:[m[K [01;36m[Knote: [m[K  mismatched types '[01m[Kvoid (T::*)(M) const[m[K' and '[01m[Kvoid (*)(...)[m[K'
   42 |   ros::Subscriber sub = nh.subscribe("kobuki/laser/scan", 1000, odomCallback[01;36m[K)[m[K;
      |                                                                             [01;36m[K^[m[K
In file included from [01m[K/opt/ros/noetic/include/ros/ros.h:45[m[K,
                 from [01m[K/home/user/catkin_ws/src/topics_quiz/src/topics_quiz_node.cpp:2[m[K:
[01m[K/opt/ros/noetic/include/ros/node_handle.h:594:14:[m[K [01;36m[Knote: [m[Kcandidate: '[01m[Ktemplate<class M, class T> ros::Subscriber ros::NodeHandle::subscribe(const string&, uint32_t, void (T::*)(const boost::shared_ptr<const M>&), const boost::shared_ptr<U>&, const ros::TransportHints&)[m[K'
  594 |   Subscriber [01;36m[Ksubscribe[m[K(const std::string& topic, uint32_t queue_size,
      |              [01;36m[K^~~~~~~~~[m[K
[01m[K/opt/ros/noetic/include/ros/node_handle.h:594:14:[m[K [01;36m[Knote: [m[K  template argument deduction/substitution failed:
[01m[K/home/user/catkin_ws/src/topics_quiz/src/topics_quiz_node.cpp:42:77:[m[K [01;36m[Knote: [m[K  mismatched types '[01m[Kvoid (T::*)(const boost::shared_ptr<const M>&)[m[K' and '[01m[Kvoid (*)(...)[m[K'
   42 |   ros::Subscriber sub = nh.subscribe("kobuki/laser/scan", 1000, odomCallback[01;36m[K)[m[K;
      |                                                                             [01;36m[K^[m[K
In file included from [01m[K/opt/ros/noetic/include/ros/ros.h:45[m[K,
                 from [01m[K/home/user/catkin_ws/src/topics_quiz/src/topics_quiz_node.cpp:2[m[K:
[01m[K/opt/ros/noetic/include/ros/node_handle.h:605:14:[m[K [01;36m[Knote: [m[Kcandidate: '[01m[Ktemplate<class M, class T> ros::Subscriber ros::NodeHandle::subscribe(const string&, uint32_t, void (T::*)(const boost::shared_ptr<const M>&) const, const boost::shared_ptr<U>&, const ros::TransportHints&)[m[K'
  605 |   Subscriber [01;36m[Ksubscribe[m[K(const std::string& topic, uint32_t queue_size,
      |              [01;36m[K^~~~~~~~~[m[K
[01m[K/opt/ros/noetic/include/ros/node_handle.h:605:14:[m[K [01;36m[Knote: [m[K  template argument deduction/substitution failed:
[01m[K/home/user/catkin_ws/src/topics_quiz/src/topics_quiz_node.cpp:42:77:[m[K [01;36m[Knote: [m[K  mismatched types '[01m[Kvoid (T::*)(const boost::shared_ptr<const M>&) const[m[K' and '[01m[Kvoid (*)(...)[m[K'
   42 |   ros::Subscriber sub = nh.subscribe("kobuki/laser/scan", 1000, odomCallback[01;36m[K)[m[K;
      |                                                                             [01;36m[K^[m[K
In file included from [01m[K/opt/ros/noetic/include/ros/ros.h:45[m[K,
                 from [01m[K/home/user/catkin_ws/src/topics_quiz/src/topics_quiz_node.cpp:2[m[K:
[01m[K/opt/ros/noetic/include/ros/node_handle.h:656:14:[m[K [01;36m[Knote: [m[Kcandidate: '[01m[Ktemplate<class M> ros::Subscriber ros::NodeHandle::subscribe(const string&, uint32_t, void (*)(M), const ros::TransportHints&)[m[K'
  656 |   Subscriber [01;36m[Ksubscribe[m[K(const std::string& topic, uint32_t queue_size, void(*fp)(M), const TransportHints& transport_hints = TransportHints())
      |              [01;36m[K^~~~~~~~~[m[K
[01m[K/opt/ros/noetic/include/ros/node_handle.h:656:14:[m[K [01;36m[Knote: [m[K  template argument deduction/substitution failed:
[01m[K/home/user/catkin_ws/src/topics_quiz/src/topics_quiz_node.cpp:42:77:[m[K [01;36m[Knote: [m[K  candidate expects 1 argument, 0 provided
   42 |   ros::Subscriber sub = nh.subscribe("kobuki/laser/scan", 1000, odomCallback[01;36m[K)[m[K;
      |                                                                             [01;36m[K^[m[K
In file included from [01m[K/opt/ros/noetic/include/ros/ros.h:45[m[K,
                 from [01m[K/home/user/catkin_ws/src/topics_quiz/src/topics_quiz_node.cpp:2[m[K:
[01m[K/opt/ros/noetic/include/ros/node_handle.h:704:14:[m[K [01;36m[Knote: [m[Kcandidate: '[01m[Ktemplate<class M> ros::Subscriber ros::NodeHandle::subscribe(const string&, uint32_t, void (*)(const boost::shared_ptr<const M>&), const ros::TransportHints&)[m[K'
  704 |   Subscriber [01;36m[Ksubscribe[m[K(const std::string& topic, uint32_t queue_size, void(*fp)(const boost::shared_ptr<M const>&), const TransportHints& transport_hints = TransportHints())
      |              [01;36m[K^~~~~~~~~[m[K
[01m[K/opt/ros/noetic/include/ros/node_handle.h:704:14:[m[K [01;36m[Knote: [m[K  template argument deduction/substitution failed:
[01m[K/home/user/catkin_ws/src/topics_quiz/src/topics_quiz_node.cpp:42:77:[m[K [01;36m[Knote: [m[K  candidate expects 1 argument, 0 provided
   42 |   ros::Subscriber sub = nh.subscribe("kobuki/laser/scan", 1000, odomCallback[01;36m[K)[m[K;
      |                                                                             [01;36m[K^[m[K
In file included from [01m[K/opt/ros/noetic/include/ros/ros.h:45[m[K,
                 from [01m[K/home/user/catkin_ws/src/topics_quiz/src/topics_quiz_node.cpp:2[m[K:
[01m[K/opt/ros/noetic/include/ros/node_handle.h:750:14:[m[K [01;36m[Knote: [m[Kcandidate: '[01m[Ktemplate<class M> ros::Subscriber ros::NodeHandle::subscribe(const string&, uint32_t, const boost::function<void(const boost::shared_ptr<const M>&)>&, const VoidConstPtr&, const ros::TransportHints&)[m[K'
  750 |   Subscriber [01;36m[Ksubscribe[m[K(const std::string& topic, uint32_t queue_size, const boost::function<void (const boost::shared_ptr<M const>&)>& callback,
      |              [01;36m[K^~~~~~~~~[m[K
[01m[K/opt/ros/noetic/include/ros/node_handle.h:750:14:[m[K [01;36m[Knote: [m[K  template argument deduction/substitution failed:
[01m[K/home/user/catkin_ws/src/topics_quiz/src/topics_quiz_node.cpp:42:77:[m[K [01;36m[Knote: [m[K  mismatched types '[01m[Kconst boost::function<void(const boost::shared_ptr<const M>&)>[m[K' and '[01m[Kvoid(...)[m[K'
   42 |   ros::Subscriber sub = nh.subscribe("kobuki/laser/scan", 1000, odomCallback[01;36m[K)[m[K;
      |                                                                             [01;36m[K^[m[K
In file included from [01m[K/opt/ros/noetic/include/ros/ros.h:45[m[K,
                 from [01m[K/home/user/catkin_ws/src/topics_quiz/src/topics_quiz_node.cpp:2[m[K:
[01m[K/opt/ros/noetic/include/ros/node_handle.h:799:14:[m[K [01;36m[Knote: [m[Kcandidate: '[01m[Ktemplate<class M, class C> ros::Subscriber ros::NodeHandle::subscribe(const string&, uint32_t, const boost::function<void(C)>&, const VoidConstPtr&, const ros::TransportHints&)[m[K'
  799 |   Subscriber [01;36m[Ksubscribe[m[K(const std::string& topic, uint32_t queue_size, const boost::function<void (C)>& callback,
      |              [01;36m[K^~~~~~~~~[m[K
[01m[K/opt/ros/noetic/include/ros/node_handle.h:799:14:[m[K [01;36m[Knote: [m[K  template argument deduction/substitution failed:
[01m[K/home/user/catkin_ws/src/topics_quiz/src/topics_quiz_node.cpp:42:77:[m[K [01;36m[Knote: [m[K  mismatched types '[01m[Kconst boost::function<void(C)>[m[K' and '[01m[Kvoid(...)[m[K'
   42 |   ros::Subscriber sub = nh.subscribe("kobuki/laser/scan", 1000, odomCallback[01;36m[K)[m[K;
      |                                                                             [01;36m[K^[m[K
In file included from [01m[K/opt/ros/noetic/include/ros/ros.h:45[m[K,
                 from [01m[K/home/user/catkin_ws/src/topics_quiz/src/topics_quiz_node.cpp:2[m[K:
[01m[K/opt/ros/noetic/include/ros/node_handle.h:836:14:[m[K [01;36m[Knote: [m[Kcandidate: '[01m[Kros::Subscriber ros::NodeHandle::subscribe(ros::SubscribeOptions&)[m[K'
  836 |   Subscriber [01;36m[Ksubscribe[m[K(SubscribeOptions& ops);
      |              [01;36m[K^~~~~~~~~[m[K
[01m[K/opt/ros/noetic/include/ros/node_handle.h:836:14:[m[K [01;36m[Knote: [m[K  candidate expects 1 argument, 3 provided
In file included from [01m[K/opt/ros/noetic/include/ros/serialization.h:37[m[K,
                 from [01m[K/opt/ros/noetic/include/geometry_msgs/Twist.h:14[m[K,
                 from [01m[K/home/user/catkin_ws/src/topics_quiz/src/topics_quiz_node.cpp:1[m[K:
/opt/ros/noetic/include/ros/message_traits.h: In instantiation of '[01m[Kstatic const char* ros::message_traits::MD5Sum<M>::value(const M&) [with M = double][m[K':
[01m[K/opt/ros/noetic/include/ros/message_traits.h:254:102:[m[K   required from '[01m[Kconst char* ros::message_traits::md5sum(const M&) [with M = double][m[K'
[01m[K/opt/ros/noetic/include/ros/publisher.h:114:7:[m[K   required from '[01m[Kvoid ros::Publisher::publish(const M&) const [with M = double][m[K'
[01m[K/home/user/catkin_ws/src/topics_quiz/src/topics_quiz_node.cpp:18:29:[m[K   required from here
[01m[K/opt/ros/noetic/include/ros/message_traits.h:125:14:[m[K [01;31m[Kerror: [m[Krequest for member '[01m[K__getMD5Sum[m[K' in '[01m[Km[m[K', which is of non-class type '[01m[Kconst double[m[K'
  125 |     return [01;31m[Km.__getMD5Sum[m[K().c_str();
      |            [01;31m[K~~^~~~~~~~~~~[m[K
/opt/ros/noetic/include/ros/message_traits.h: In instantiation of '[01m[Kstatic const char* ros::message_traits::DataType<M>::value(const M&) [with M = double][m[K':
[01m[K/opt/ros/noetic/include/ros/message_traits.h:263:104:[m[K   required from '[01m[Kconst char* ros::message_traits::datatype(const M&) [with M = double][m[K'
[01m[K/opt/ros/noetic/include/ros/publisher.h:114:7:[m[K   required from '[01m[Kvoid ros::Publisher::publish(const M&) const [with M = double][m[K'
[01m[K/home/user/catkin_ws/src/topics_quiz/src/topics_quiz_node.cpp:18:29:[m[K   required from here
[01m[K/opt/ros/noetic/include/ros/message_traits.h:142:14:[m[K [01;31m[Kerror: [m[Krequest for member '[01m[K__getDataType[m[K' in '[01m[Km[m[K', which is of non-class type '[01m[Kconst double[m[K'
  142 |     return [01;31m[Km.__getDataType[m[K().c_str();
      |            [01;31m[K~~^~~~~~~~~~~~~[m[K
make[2]: *** [CMakeFiles/top_quiz.dir/build.make:63: CMakeFiles/top_quiz.dir/src/topics_quiz_node.cpp.o] Error 1
make[1]: *** [CMakeFiles/Makefile2:169: CMakeFiles/top_quiz.dir/all] Error 2
make: *** [Makefile:141: all] Error 2
